 (0,0): Unity incremental compiler server
 (0,0): watchdog active on pid: 509
 (0,0): [10/07/2018 06:00:55.802 PM] Unity.TextMeshPro.dll: no prior compilation found in cache
 (0,0): [10/07/2018 06:00:55.831 PM] Unity.TextMeshPro.dll compiling...
 (0,0): [10/07/2018 06:00:55.836 PM] UnityEditor.StandardEvents.dll: no prior compilation found in cache
 (0,0): [10/07/2018 06:00:55.849 PM] UnityEditor.StandardEvents.dll compiling...
 (0,0): [10/07/2018 06:00:55.871 PM] UniRx.Async.dll: no prior compilation found in cache
 (0,0): [10/07/2018 06:00:55.882 PM] UniRx.Async.dll compiling...
 (0,0): [10/07/2018 06:00:56.569 PM] Unity.PackageManagerUI.Editor.dll: no prior compilation found in cache
 (0,0): [10/07/2018 06:00:56.580 PM] Unity.PackageManagerUI.Editor.dll compiling...
 (0,0): [10/07/2018 06:00:59.455 PM] UnityEditor.StandardEvents.dll: emitting IL to : /Users/dano/Roost-XEE-Locate/Roost-XEE-Locate-2/Temp/UnityEditor.StandardEvents.dll
 (0,0): [10/07/2018 06:00:59.655 PM] UnityEditor.StandardEvents.dll compilation finished in 3806ms  source files re-parsed: 1 metadata reloaded: 93
 (0,0): [10/07/2018 06:00:59.977 PM] Unity.PackageManagerUI.Editor.dll: emitting IL to : /Users/dano/Roost-XEE-Locate/Roost-XEE-Locate-2/Temp/Unity.PackageManagerUI.Editor.dll
 (0,0): [10/07/2018 06:00:59.992 PM] Unity.PackageManagerUI.Editor.dll compilation finished in 3412ms  source files re-parsed: 44 metadata reloaded: 0
 (0,0): [10/07/2018 06:01:00.169 PM] Unity.TextMeshPro.dll: emitting IL to : /Users/dano/Roost-XEE-Locate/Roost-XEE-Locate-2/Temp/Unity.TextMeshPro.dll
 (0,0): [10/07/2018 06:01:00.190 PM] Unity.TextMeshPro.dll compilation finished in 4358ms  source files re-parsed: 45 metadata reloaded: 196
 (0,0): [10/07/2018 06:01:00.280 PM] UniRx.Async.dll: emitting IL to : /Users/dano/Roost-XEE-Locate/Roost-XEE-Locate-2/Temp/UniRx.Async.dll
 (0,0): [10/07/2018 06:01:00.295 PM] UniRx.Async.dll compilation finished in 4412ms  source files re-parsed: 88 metadata reloaded: 174
 (0,0): [10/07/2018 06:01:00.677 PM] Unity.TextMeshPro.Editor.dll: no prior compilation found in cache
 (0,0): [10/07/2018 06:01:00.688 PM] Unity.TextMeshPro.Editor.dll compiling...
 (0,0): [10/07/2018 06:01:00.793 PM] UniRx.Async.Editor.dll: no prior compilation found in cache
 (0,0): [10/07/2018 06:01:00.804 PM] UniRx.Async.Editor.dll compiling...
 (0,0): [10/07/2018 06:01:00.955 PM] UniRx.Async.Editor.dll: emitting IL to : /Users/dano/Roost-XEE-Locate/Roost-XEE-Locate-2/Temp/UniRx.Async.Editor.dll
 (0,0): [10/07/2018 06:01:00.968 PM] UniRx.Async.Editor.dll compilation finished in 163ms  source files re-parsed: 3 metadata reloaded: 1
 (0,0): [10/07/2018 06:01:01.398 PM] Unity.TextMeshPro.Editor.dll: emitting IL to : /Users/dano/Roost-XEE-Locate/Roost-XEE-Locate-2/Temp/Unity.TextMeshPro.Editor.dll
 (0,0): [10/07/2018 06:01:01.413 PM] Unity.TextMeshPro.Editor.dll compilation finished in 724ms  source files re-parsed: 39 metadata reloaded: 1
 (0,0): [10/07/2018 06:01:01.702 PM] Assembly-CSharp.dll: no prior compilation found in cache
 (0,0): [10/07/2018 06:01:01.714 PM] Assembly-CSharp.dll compiling...
 (0,0): [10/07/2018 06:01:02.395 PM] Assembly-CSharp.dll: emitting IL to : /Users/dano/Roost-XEE-Locate/Roost-XEE-Locate-2/Temp/Assembly-CSharp.dll
 (0,0): [10/07/2018 06:01:02.426 PM] Assembly-CSharp.dll compilation finished in 712ms  source files re-parsed: 88 metadata reloaded: 4
 (0,0): [10/07/2018 06:01:02.711 PM] Assembly-CSharp-Editor.dll: no prior compilation found in cache
 (0,0): [10/07/2018 06:01:02.722 PM] Assembly-CSharp-Editor.dll compiling...
 (0,0): [10/07/2018 06:01:03.191 PM] Assembly-CSharp-Editor.dll: emitting IL to : /Users/dano/Roost-XEE-Locate/Roost-XEE-Locate-2/Temp/Assembly-CSharp-Editor.dll
 (0,0): [10/07/2018 06:01:03.207 PM] Assembly-CSharp-Editor.dll compilation finished in 485ms  source files re-parsed: 36 metadata reloaded: 4
 (0,0): [10/07/2018 06:06:00.400 PM] Compiler cache size is now 15.55 MB
 (0,0): watchdog triggered an exit
